<?xml version="1.0" encoding="UTF-8"?><testsuite errors="0" failures="0" name="io.petstore.swagger.studentinfo.PetCRUDTestWithSteps" skipped="0" tests="4" time="6.12" timestamp="2023-01-03T22:02:54.967Z[Europe/London]"><testcase classname="io.petstore.swagger.studentinfo.PetCRUDTestWithSteps" name="This method will create new record of Pet"/><testcase classname="io.petstore.swagger.studentinfo.PetCRUDTestWithSteps" name="This method will fetch existing record of Pet"/><testcase classname="io.petstore.swagger.studentinfo.PetCRUDTestWithSteps" name="This method will update an existing record of Pet"/><testcase classname="io.petstore.swagger.studentinfo.PetCRUDTestWithSteps" name="This method will delete an existing record of Pet"/></testsuite>