<?xml version="1.0" encoding="UTF-8"?><testsuite errors="0" failures="0" name="io.petstore.swagger.studentinfo.UserCURDTestWithSteps" skipped="0" tests="5" time="5.57" timestamp="2023-01-03T21:59:13.454Z[Europe/London]"><testcase classname="io.petstore.swagger.studentinfo.UserCURDTestWithSteps" name="This will create a new user"/><testcase classname="io.petstore.swagger.studentinfo.UserCURDTestWithSteps" name="Verify if the user was added to the application"/><testcase classname="io.petstore.swagger.studentinfo.UserCURDTestWithSteps" name="Update the user information and verify the updated information"/><testcase classname="io.petstore.swagger.studentinfo.UserCURDTestWithSteps" name="Delete the user"/><testcase classname="io.petstore.swagger.studentinfo.UserCURDTestWithSteps" name=" Check deleted user still exited"/></testsuite>